Connecting to database specified by database.yml
Connecting to database specified by database.yml
  [1m[36m (176.0ms)[0m  [1mCREATE TABLE `schema_migrations` (`version` varchar(255) NOT NULL) ENGINE=InnoDB[0m
  [1m[35m (298.7ms)[0m  CREATE UNIQUE INDEX `unique_schema_migrations` ON `schema_migrations` (`version`)
  [1m[36m (5.7ms)[0m  [1mSELECT `schema_migrations`.`version` FROM `schema_migrations` [0m
Migrating to CreateGuests (20130417122505)
Connecting to database specified by database.yml
  [1m[36m (5.2ms)[0m  [1mSELECT `schema_migrations`.`version` FROM `schema_migrations` [0m
Migrating to CreateGuests (20130417122505)
Connecting to database specified by database.yml
  [1m[36m (5.2ms)[0m  [1mSELECT `schema_migrations`.`version` FROM `schema_migrations` [0m
Migrating to CreateGuests (20130417122505)
Connecting to database specified by database.yml
Connecting to database specified by database.yml
  [1m[36m (171.3ms)[0m  [1mCREATE TABLE `schema_migrations` (`version` varchar(255) NOT NULL) ENGINE=InnoDB[0m
  [1m[35m (254.3ms)[0m  CREATE UNIQUE INDEX `unique_schema_migrations` ON `schema_migrations` (`version`)
  [1m[36m (5.6ms)[0m  [1mSELECT `schema_migrations`.`version` FROM `schema_migrations` [0m
Migrating to CreateGuests (20130417122505)
Connecting to database specified by database.yml
Connecting to database specified by database.yml
Connecting to database specified by database.yml
  [1m[36m (5.2ms)[0m  [1mSELECT `schema_migrations`.`version` FROM `schema_migrations` [0m
Migrating to CreateGuests (20130417123145)
  [1m[35m (188.3ms)[0m  CREATE TABLE `guests` (`id` int(11) DEFAULT NULL auto_increment PRIMARY KEY, `name` varchar(255), `gender` varchar(255), `age` int(11), `created_at` datetime NOT NULL, `updated_at` datetime NOT NULL) ENGINE=InnoDB
  [1m[36m (75.3ms)[0m  [1mINSERT INTO `schema_migrations` (`version`) VALUES ('20130417123145')[0m
  [1m[35m (1.2ms)[0m  SELECT `schema_migrations`.`version` FROM `schema_migrations` 


Started GET "/guests" for 192.168.0.21 at 2013-04-17 09:35:13 -0300
Connecting to database specified by database.yml
Processing by GuestsController#index as HTML
  [1m[36mGuest Load (0.9ms)[0m  [1mSELECT `guests`.* FROM `guests` [0m
  Rendered guests/index.html.erb within layouts/application (86.9ms)
Compiled guests.css  (58ms)  (pid 2725)
Compiled scaffolds.css  (64ms)  (pid 2725)
Compiled application.css  (184ms)  (pid 2725)
Compiled jquery.js  (7ms)  (pid 2725)
Compiled jquery_ujs.js  (1ms)  (pid 2725)
Compiled guests.js  (397ms)  (pid 2725)
Compiled application.js  (629ms)  (pid 2725)
Completed 200 OK in 1527ms (Views: 1227.8ms | ActiveRecord: 5.6ms)


Started GET "/assets/application.css?body=1" for 192.168.0.21 at 2013-04-17 09:35:17 -0300
Served asset /application.css - 200 OK (17ms)


Started GET "/assets/scaffolds.css?body=1" for 192.168.0.21 at 2013-04-17 09:35:17 -0300
Served asset /scaffolds.css - 200 OK (7ms)


Started GET "/assets/guests.css?body=1" for 192.168.0.21 at 2013-04-17 09:35:17 -0300
Served asset /guests.css - 200 OK (24ms)


Started GET "/assets/jquery_ujs.js?body=1" for 192.168.0.21 at 2013-04-17 09:35:17 -0300
Served asset /jquery_ujs.js - 200 OK (10ms)


Started GET "/assets/jquery.js?body=1" for 192.168.0.21 at 2013-04-17 09:35:17 -0300
Served asset /jquery.js - 200 OK (15ms)


Started GET "/assets/guests.js?body=1" for 192.168.0.21 at 2013-04-17 09:35:17 -0300
Served asset /guests.js - 200 OK (6ms)


Started GET "/assets/application.js?body=1" for 192.168.0.21 at 2013-04-17 09:35:17 -0300
Served asset /application.js - 200 OK (42ms)


Started GET "/guests/new" for 192.168.0.21 at 2013-04-17 09:35:21 -0300
Processing by GuestsController#new as HTML
  Rendered guests/_form.html.erb (96.9ms)
  Rendered guests/new.html.erb within layouts/application (172.4ms)
Completed 200 OK in 229ms (Views: 194.3ms | ActiveRecord: 0.0ms)


Started GET "/assets/scaffolds.css?body=1" for 192.168.0.21 at 2013-04-17 09:35:21 -0300
Served asset /scaffolds.css - 304 Not Modified (8ms)


Started GET "/assets/guests.css?body=1" for 192.168.0.21 at 2013-04-17 09:35:21 -0300
Served asset /guests.css - 304 Not Modified (0ms)


Started GET "/assets/jquery_ujs.js?body=1" for 192.168.0.21 at 2013-04-17 09:35:21 -0300
Served asset /jquery_ujs.js - 304 Not Modified (0ms)


Started GET "/assets/guests.js?body=1" for 192.168.0.21 at 2013-04-17 09:35:21 -0300
Served asset /guests.js - 304 Not Modified (0ms)


Started GET "/assets/jquery.js?body=1" for 192.168.0.21 at 2013-04-17 09:35:21 -0300
Served asset /jquery.js - 304 Not Modified (8ms)


Started GET "/assets/application.css?body=1" for 192.168.0.21 at 2013-04-17 09:35:21 -0300
Served asset /application.css - 304 Not Modified (1ms)


Started GET "/assets/application.js?body=1" for 192.168.0.21 at 2013-04-17 09:35:21 -0300
Served asset /application.js - 304 Not Modified (3ms)


Started POST "/guests" for 192.168.0.21 at 2013-04-17 09:35:36 -0300
Processing by GuestsController#create as HTML
  Parameters: {"utf8"=>"✓", "authenticity_token"=>"+adbDUCzG2ZdiqAMO/7itEfVR877fB+oaxf5Not6Ckw=", "guest"=>{"name"=>"Vinicius", "gender"=>"M", "age"=>"17"}, "commit"=>"Create Guest"}
  [1m[35m (0.6ms)[0m  BEGIN
  [1m[36mSQL (1.2ms)[0m  [1mINSERT INTO `guests` (`age`, `created_at`, `gender`, `name`, `updated_at`) VALUES (17, '2013-04-17 12:35:36', 'M', 'Vinicius', '2013-04-17 12:35:36')[0m
  [1m[35m (69.8ms)[0m  COMMIT
Redirected to http://192.168.0.21:3000/guests/1
Completed 302 Found in 137ms (ActiveRecord: 71.6ms)


Started GET "/guests/1" for 192.168.0.21 at 2013-04-17 09:35:37 -0300
Processing by GuestsController#show as HTML
  Parameters: {"id"=>"1"}
  [1m[36mGuest Load (1.3ms)[0m  [1mSELECT `guests`.* FROM `guests` WHERE `guests`.`id` = 1 LIMIT 1[0m
  Rendered guests/show.html.erb within layouts/application (6.2ms)
Completed 200 OK in 39ms (Views: 27.3ms | ActiveRecord: 1.3ms)


Started GET "/assets/application.css?body=1" for 192.168.0.21 at 2013-04-17 09:35:37 -0300
Served asset /application.css - 304 Not Modified (1ms)


Started GET "/assets/scaffolds.css?body=1" for 192.168.0.21 at 2013-04-17 09:35:37 -0300
Served asset /scaffolds.css - 304 Not Modified (0ms)


Started GET "/assets/guests.css?body=1" for 192.168.0.21 at 2013-04-17 09:35:37 -0300
Served asset /guests.css - 304 Not Modified (0ms)


Started GET "/assets/jquery.js?body=1" for 192.168.0.21 at 2013-04-17 09:35:37 -0300
Served asset /jquery.js - 304 Not Modified (9ms)


Started GET "/assets/jquery_ujs.js?body=1" for 192.168.0.21 at 2013-04-17 09:35:37 -0300
Served asset /jquery_ujs.js - 304 Not Modified (8ms)


Started GET "/assets/guests.js?body=1" for 192.168.0.21 at 2013-04-17 09:35:37 -0300
Served asset /guests.js - 304 Not Modified (0ms)


Started GET "/assets/application.js?body=1" for 192.168.0.21 at 2013-04-17 09:35:37 -0300
Served asset /application.js - 304 Not Modified (3ms)


Started GET "/guests" for 192.168.0.21 at 2013-04-17 09:35:40 -0300
Processing by GuestsController#index as HTML
  [1m[35mGuest Load (1.4ms)[0m  SELECT `guests`.* FROM `guests` 
  Rendered guests/index.html.erb within layouts/application (5.8ms)
Completed 200 OK in 31ms (Views: 25.4ms | ActiveRecord: 1.4ms)


Started GET "/assets/application.css?body=1" for 192.168.0.21 at 2013-04-17 09:35:40 -0300
Served asset /application.css - 304 Not Modified (1ms)


Started GET "/assets/jquery.js?body=1" for 192.168.0.21 at 2013-04-17 09:35:40 -0300
Served asset /jquery.js - 304 Not Modified (3ms)


Started GET "/assets/guests.js?body=1" for 192.168.0.21 at 2013-04-17 09:35:40 -0300
Served asset /guests.js - 304 Not Modified (0ms)


Started GET "/assets/jquery_ujs.js?body=1" for 192.168.0.21 at 2013-04-17 09:35:40 -0300
Served asset /jquery_ujs.js - 304 Not Modified (0ms)


Started GET "/assets/scaffolds.css?body=1" for 192.168.0.21 at 2013-04-17 09:35:40 -0300
Served asset /scaffolds.css - 304 Not Modified (0ms)


Started GET "/assets/guests.css?body=1" for 192.168.0.21 at 2013-04-17 09:35:40 -0300
Served asset /guests.css - 304 Not Modified (0ms)


Started GET "/assets/application.js?body=1" for 192.168.0.21 at 2013-04-17 09:35:40 -0300
Served asset /application.js - 304 Not Modified (4ms)


Started GET "/guests" for 192.168.0.21 at 2013-04-17 09:42:48 -0300
Processing by GuestsController#index as HTML
  [1m[36mGuest Load (0.4ms)[0m  [1mSELECT `guests`.* FROM `guests` [0m
  Rendered guests/index.html.erb within layouts/application (5.5ms)
Completed 200 OK in 28ms (Views: 24.3ms | ActiveRecord: 0.4ms)


Started GET "/assets/application.css?body=1" for 192.168.0.21 at 2013-04-17 09:42:48 -0300
Served asset /application.css - 304 Not Modified (1ms)


Started GET "/assets/scaffolds.css?body=1" for 192.168.0.21 at 2013-04-17 09:42:48 -0300
Served asset /scaffolds.css - 304 Not Modified (0ms)


Started GET "/assets/jquery.js?body=1" for 192.168.0.21 at 2013-04-17 09:42:48 -0300
Served asset /jquery.js - 304 Not Modified (2ms)


Started GET "/assets/guests.css?body=1" for 192.168.0.21 at 2013-04-17 09:42:48 -0300
Served asset /guests.css - 304 Not Modified (0ms)


Started GET "/assets/guests.js?body=1" for 192.168.0.21 at 2013-04-17 09:42:48 -0300
Served asset /guests.js - 304 Not Modified (0ms)


Started GET "/assets/jquery_ujs.js?body=1" for 192.168.0.21 at 2013-04-17 09:42:48 -0300
Served asset /jquery_ujs.js - 304 Not Modified (0ms)


Started GET "/assets/application.js?body=1" for 192.168.0.21 at 2013-04-17 09:42:48 -0300
Served asset /application.js - 304 Not Modified (3ms)


Started POST "/guests" for 192.168.0.9 at 2013-04-17 09:45:35 -0300
Processing by GuestsController#create as JSON
  Parameters: {"guest"=>{"name"=>"Rodrigo", "gender"=>"M"}, "guest h"=>{"age"=>"18"}}
WARNING: Can't verify CSRF token authenticity
  [1m[35m (0.5ms)[0m  BEGIN
  [1m[36mSQL (1.1ms)[0m  [1mINSERT INTO `guests` (`age`, `created_at`, `gender`, `name`, `updated_at`) VALUES (NULL, '2013-04-17 12:45:35', 'M', 'Rodrigo', '2013-04-17 12:45:35')[0m
  [1m[35m (145.3ms)[0m  COMMIT
Completed 201 Created in 160ms (Views: 3.4ms | ActiveRecord: 146.9ms)


Started GET "/guests" for 192.168.0.21 at 2013-04-17 09:45:40 -0300
Processing by GuestsController#index as HTML
  [1m[36mGuest Load (0.9ms)[0m  [1mSELECT `guests`.* FROM `guests` [0m
  Rendered guests/index.html.erb within layouts/application (9.9ms)
Completed 200 OK in 34ms (Views: 29.0ms | ActiveRecord: 0.9ms)


Started GET "/assets/application.css?body=1" for 192.168.0.21 at 2013-04-17 09:45:41 -0300
Served asset /application.css - 304 Not Modified (1ms)


Started GET "/assets/jquery.js?body=1" for 192.168.0.21 at 2013-04-17 09:45:41 -0300
Served asset /jquery.js - 304 Not Modified (3ms)


Started GET "/assets/scaffolds.css?body=1" for 192.168.0.21 at 2013-04-17 09:45:41 -0300
Served asset /scaffolds.css - 304 Not Modified (0ms)


Started GET "/assets/jquery_ujs.js?body=1" for 192.168.0.21 at 2013-04-17 09:45:41 -0300
Served asset /jquery_ujs.js - 304 Not Modified (0ms)


Started GET "/assets/guests.css?body=1" for 192.168.0.21 at 2013-04-17 09:45:41 -0300
Served asset /guests.css - 304 Not Modified (0ms)


Started GET "/assets/guests.js?body=1" for 192.168.0.21 at 2013-04-17 09:45:41 -0300
Served asset /guests.js - 304 Not Modified (0ms)


Started GET "/assets/application.js?body=1" for 192.168.0.21 at 2013-04-17 09:45:41 -0300
Served asset /application.js - 304 Not Modified (3ms)


Started POST "/guests" for 192.168.0.9 at 2013-04-17 09:45:46 -0300
Processing by GuestsController#create as JSON
  Parameters: {"guest"=>{"name"=>"Rodrigo", "gender"=>"M"}, "guest h"=>{"age"=>"18"}}
WARNING: Can't verify CSRF token authenticity
  [1m[35m (0.6ms)[0m  BEGIN
  [1m[36mSQL (1.0ms)[0m  [1mINSERT INTO `guests` (`age`, `created_at`, `gender`, `name`, `updated_at`) VALUES (NULL, '2013-04-17 12:45:46', 'M', 'Rodrigo', '2013-04-17 12:45:46')[0m
  [1m[35m (96.6ms)[0m  COMMIT
Completed 201 Created in 112ms (Views: 3.8ms | ActiveRecord: 98.2ms)


Started GET "/guests" for 192.168.0.9 at 2013-04-17 09:50:45 -0300
Processing by GuestsController#index as HTML
  [1m[36mGuest Load (1.2ms)[0m  [1mSELECT `guests`.* FROM `guests` [0m
  Rendered guests/index.html.erb within layouts/application (13.6ms)
Completed 200 OK in 39ms (Views: 33.6ms | ActiveRecord: 1.2ms)


Started GET "/guests.json" for 192.168.0.21 at 2013-04-17 09:51:48 -0300
Processing by GuestsController#index as JSON
  [1m[35mGuest Load (0.7ms)[0m  SELECT `guests`.* FROM `guests` 
Completed 200 OK in 8ms (Views: 3.9ms | ActiveRecord: 0.7ms)


Started GET "/guests.json" for 192.168.0.21 at 2013-04-17 09:52:32 -0300
Processing by GuestsController#index as JSON
  [1m[36mGuest Load (0.5ms)[0m  [1mSELECT `guests`.* FROM `guests` [0m
Completed 200 OK in 9ms (Views: 3.8ms | ActiveRecord: 0.5ms)


Started GET "/guests.json" for 192.168.0.21 at 2013-04-17 09:53:00 -0300
Connecting to database specified by database.yml
Processing by GuestsController#index as JSON
  [1m[36mGuest Load (0.4ms)[0m  [1mSELECT `guests`.* FROM `guests` [0m
Completed 200 OK in 226ms (Views: 8.4ms | ActiveRecord: 5.2ms)


Started GET "/guests.json" for 192.168.0.9 at 2013-04-17 09:59:17 -0300
Processing by GuestsController#index as JSON
  [1m[35mGuest Load (0.7ms)[0m  SELECT `guests`.* FROM `guests` 
Completed 200 OK in 10ms (Views: 4.2ms | ActiveRecord: 0.7ms)


Started GET "/guests" for 192.168.0.21 at 2013-04-17 10:16:14 -0300
Processing by GuestsController#index as HTML
  [1m[36mGuest Load (0.8ms)[0m  [1mSELECT `guests`.* FROM `guests` [0m
  Rendered guests/index.html.erb within layouts/application (108.6ms)
Completed 200 OK in 258ms (Views: 251.9ms | ActiveRecord: 0.8ms)


Started GET "/assets/application.css?body=1" for 192.168.0.21 at 2013-04-17 10:16:15 -0300
Served asset /application.css - 304 Not Modified (57ms)


Started GET "/assets/guests.css?body=1" for 192.168.0.21 at 2013-04-17 10:16:15 -0300
Served asset /guests.css - 304 Not Modified (9ms)


Started GET "/assets/scaffolds.css?body=1" for 192.168.0.21 at 2013-04-17 10:16:15 -0300
Served asset /scaffolds.css - 304 Not Modified (11ms)


Started GET "/assets/jquery_ujs.js?body=1" for 192.168.0.21 at 2013-04-17 10:16:15 -0300
Served asset /jquery_ujs.js - 304 Not Modified (15ms)


Started GET "/assets/jquery.js?body=1" for 192.168.0.21 at 2013-04-17 10:16:15 -0300
Served asset /jquery.js - 304 Not Modified (14ms)


Started GET "/assets/guests.js?body=1" for 192.168.0.21 at 2013-04-17 10:16:15 -0300
Served asset /guests.js - 304 Not Modified (6ms)


Started GET "/assets/application.js?body=1" for 192.168.0.21 at 2013-04-17 10:16:15 -0300
Served asset /application.js - 304 Not Modified (51ms)


Started POST "/guests" for 192.168.0.9 at 2013-04-17 10:16:37 -0300
Processing by GuestsController#create as JSON
  Parameters: {"guest"=>{"name"=>"Leonardo", "gender"=>"M", "age"=>"18"}}
WARNING: Can't verify CSRF token authenticity
  [1m[35m (0.6ms)[0m  BEGIN
  [1m[36mSQL (5.8ms)[0m  [1mINSERT INTO `guests` (`age`, `created_at`, `gender`, `name`, `updated_at`) VALUES (18, '2013-04-17 13:16:37', 'M', 'Leonardo', '2013-04-17 13:16:37')[0m
  [1m[35m (89.9ms)[0m  COMMIT
Completed 201 Created in 136ms (Views: 5.0ms | ActiveRecord: 96.3ms)


Started GET "/guests" for 192.168.0.21 at 2013-04-17 10:16:41 -0300
Processing by GuestsController#index as HTML
  [1m[36mGuest Load (1.1ms)[0m  [1mSELECT `guests`.* FROM `guests` [0m
  Rendered guests/index.html.erb within layouts/application (19.8ms)
Completed 200 OK in 53ms (Views: 46.0ms | ActiveRecord: 1.1ms)


Started GET "/assets/application.css?body=1" for 192.168.0.21 at 2013-04-17 10:16:42 -0300
Served asset /application.css - 304 Not Modified (1ms)


Started GET "/assets/guests.css?body=1" for 192.168.0.21 at 2013-04-17 10:16:42 -0300
Served asset /guests.css - 304 Not Modified (0ms)


Started GET "/assets/jquery_ujs.js?body=1" for 192.168.0.21 at 2013-04-17 10:16:42 -0300
Served asset /jquery_ujs.js - 304 Not Modified (0ms)


Started GET "/assets/jquery.js?body=1" for 192.168.0.21 at 2013-04-17 10:16:42 -0300
Served asset /jquery.js - 304 Not Modified (11ms)


Started GET "/assets/guests.js?body=1" for 192.168.0.21 at 2013-04-17 10:16:42 -0300
Served asset /guests.js - 304 Not Modified (0ms)


Started GET "/assets/scaffolds.css?body=1" for 192.168.0.21 at 2013-04-17 10:16:42 -0300
Served asset /scaffolds.css - 304 Not Modified (8ms)


Started GET "/assets/application.js?body=1" for 192.168.0.21 at 2013-04-17 10:16:42 -0300
Served asset /application.js - 304 Not Modified (3ms)


Started POST "/guests" for 192.168.0.9 at 2013-04-17 10:16:47 -0300
Processing by GuestsController#create as JSON
  Parameters: {"guest"=>{"name"=>"Leonardo", "gender"=>"M", "age"=>"18"}}
WARNING: Can't verify CSRF token authenticity
  [1m[35m (0.5ms)[0m  BEGIN
  [1m[36mSQL (1.1ms)[0m  [1mINSERT INTO `guests` (`age`, `created_at`, `gender`, `name`, `updated_at`) VALUES (18, '2013-04-17 13:16:47', 'M', 'Leonardo', '2013-04-17 13:16:47')[0m
  [1m[35m (53.5ms)[0m  COMMIT
Completed 201 Created in 67ms (Views: 3.0ms | ActiveRecord: 55.1ms)


Started GET "/guests.json" for 192.168.0.21 at 2013-04-17 11:17:22 -0300
Processing by GuestsController#index as JSON
  [1m[36mGuest Load (1.5ms)[0m  [1mSELECT `guests`.* FROM `guests` [0m
Completed 200 OK in 12ms (Views: 5.8ms | ActiveRecord: 1.5ms)


Started GET "/guests" for 192.168.0.21 at 2013-04-17 11:41:14 -0300
Processing by GuestsController#index as HTML
  [1m[35mGuest Load (0.7ms)[0m  SELECT `guests`.* FROM `guests` 
  Rendered guests/index.html.erb within layouts/application (22.4ms)
Completed 200 OK in 55ms (Views: 48.3ms | ActiveRecord: 0.7ms)


Started GET "/assets/application.css?body=1" for 192.168.0.21 at 2013-04-17 11:41:14 -0300
Served asset /application.css - 304 Not Modified (1ms)


Started GET "/assets/guests.css?body=1" for 192.168.0.21 at 2013-04-17 11:41:15 -0300
Served asset /guests.css - 304 Not Modified (0ms)


Started GET "/assets/jquery.js?body=1" for 192.168.0.21 at 2013-04-17 11:41:15 -0300
Served asset /jquery.js - 304 Not Modified (3ms)


Started GET "/assets/jquery_ujs.js?body=1" for 192.168.0.21 at 2013-04-17 11:41:15 -0300
Served asset /jquery_ujs.js - 304 Not Modified (0ms)


Started GET "/assets/scaffolds.css?body=1" for 192.168.0.21 at 2013-04-17 11:41:15 -0300
Served asset /scaffolds.css - 304 Not Modified (0ms)


Started GET "/assets/guests.js?body=1" for 192.168.0.21 at 2013-04-17 11:41:15 -0300
Served asset /guests.js - 304 Not Modified (0ms)


Started GET "/assets/application.js?body=1" for 192.168.0.21 at 2013-04-17 11:41:15 -0300
Served asset /application.js - 304 Not Modified (4ms)


Started POST "/guests" for 192.168.0.9 at 2013-04-17 11:41:48 -0300
Processing by GuestsController#create as JSON
  Parameters: {"guest"=>{"name"=>"Renato", "gender"=>"M", "age"=>"17"}}
WARNING: Can't verify CSRF token authenticity
  [1m[36m (0.6ms)[0m  [1mBEGIN[0m
  [1m[35mSQL (1.1ms)[0m  INSERT INTO `guests` (`age`, `created_at`, `gender`, `name`, `updated_at`) VALUES (17, '2013-04-17 14:41:48', 'M', 'Renato', '2013-04-17 14:41:48')
  [1m[36m (87.4ms)[0m  [1mCOMMIT[0m
Completed 201 Created in 102ms (Views: 3.4ms | ActiveRecord: 89.1ms)


Started GET "/guests" for 192.168.0.21 at 2013-04-17 11:42:06 -0300
Processing by GuestsController#index as HTML
  [1m[35mGuest Load (1.2ms)[0m  SELECT `guests`.* FROM `guests` 
  Rendered guests/index.html.erb within layouts/application (24.7ms)
Completed 200 OK in 55ms (Views: 49.1ms | ActiveRecord: 1.2ms)


Started GET "/assets/application.css?body=1" for 192.168.0.21 at 2013-04-17 11:42:07 -0300
Served asset /application.css - 304 Not Modified (2ms)


Started GET "/assets/guests.css?body=1" for 192.168.0.21 at 2013-04-17 11:42:07 -0300
Served asset /guests.css - 304 Not Modified (0ms)


Started GET "/assets/scaffolds.css?body=1" for 192.168.0.21 at 2013-04-17 11:42:07 -0300
Served asset /scaffolds.css - 304 Not Modified (0ms)


Started GET "/assets/jquery.js?body=1" for 192.168.0.21 at 2013-04-17 11:42:07 -0300
Served asset /jquery.js - 304 Not Modified (2ms)


Started GET "/assets/guests.js?body=1" for 192.168.0.21 at 2013-04-17 11:42:07 -0300
Served asset /guests.js - 304 Not Modified (0ms)


Started GET "/assets/jquery_ujs.js?body=1" for 192.168.0.21 at 2013-04-17 11:42:07 -0300
Served asset /jquery_ujs.js - 304 Not Modified (0ms)


Started GET "/assets/application.js?body=1" for 192.168.0.21 at 2013-04-17 11:42:07 -0300
Served asset /application.js - 304 Not Modified (11ms)


Started GET "/guests.json" for 192.168.0.9 at 2013-04-17 11:42:29 -0300
Processing by GuestsController#index as JSON
  [1m[36mGuest Load (0.7ms)[0m  [1mSELECT `guests`.* FROM `guests` [0m
Completed 200 OK in 12ms (Views: 6.7ms | ActiveRecord: 0.7ms)


Started GET "/guests.json" for 192.168.0.9 at 2013-04-17 11:42:37 -0300
Processing by GuestsController#index as JSON
  [1m[35mGuest Load (0.7ms)[0m  SELECT `guests`.* FROM `guests` 
Completed 200 OK in 12ms (Views: 6.6ms | ActiveRecord: 0.7ms)


Started GET "/guests.json" for 192.168.0.9 at 2013-04-17 11:46:29 -0300
Processing by GuestsController#index as JSON
  [1m[36mGuest Load (0.7ms)[0m  [1mSELECT `guests`.* FROM `guests` [0m
Completed 200 OK in 12ms (Views: 6.5ms | ActiveRecord: 0.7ms)


Started GET "/guests.json" for 192.168.0.9 at 2013-04-17 11:49:55 -0300
Processing by GuestsController#index as JSON
  [1m[35mGuest Load (0.7ms)[0m  SELECT `guests`.* FROM `guests` 
Completed 200 OK in 12ms (Views: 6.6ms | ActiveRecord: 0.7ms)


Started GET "/guests.json" for 192.168.0.9 at 2013-04-17 11:50:00 -0300
Processing by GuestsController#index as JSON
  [1m[36mGuest Load (0.7ms)[0m  [1mSELECT `guests`.* FROM `guests` [0m
Completed 200 OK in 12ms (Views: 6.6ms | ActiveRecord: 0.7ms)


Started GET "/guests" for 192.168.0.21 at 2013-04-17 12:07:52 -0300
Processing by GuestsController#index as HTML
  [1m[35mGuest Load (0.6ms)[0m  SELECT `guests`.* FROM `guests` 
  Rendered guests/index.html.erb within layouts/application (20.0ms)
Completed 200 OK in 46ms (Views: 40.6ms | ActiveRecord: 0.6ms)


Started GET "/assets/application.css?body=1" for 192.168.0.21 at 2013-04-17 12:07:53 -0300
Served asset /application.css - 304 Not Modified (1ms)


Started GET "/assets/guests.css?body=1" for 192.168.0.21 at 2013-04-17 12:07:53 -0300
Served asset /guests.css - 304 Not Modified (0ms)


Started GET "/assets/jquery.js?body=1" for 192.168.0.21 at 2013-04-17 12:07:53 -0300
Served asset /jquery.js - 304 Not Modified (2ms)


Started GET "/assets/jquery_ujs.js?body=1" for 192.168.0.21 at 2013-04-17 12:07:53 -0300
Served asset /jquery_ujs.js - 304 Not Modified (0ms)


Started GET "/assets/guests.js?body=1" for 192.168.0.21 at 2013-04-17 12:07:53 -0300
Served asset /guests.js - 304 Not Modified (0ms)


Started GET "/assets/scaffolds.css?body=1" for 192.168.0.21 at 2013-04-17 12:07:53 -0300
Served asset /scaffolds.css - 304 Not Modified (0ms)


Started GET "/assets/application.js?body=1" for 192.168.0.21 at 2013-04-17 12:07:53 -0300
Served asset /application.js - 304 Not Modified (6ms)


Started GET "/guests" for 192.168.0.21 at 2013-04-17 12:07:57 -0300
Processing by GuestsController#index as HTML
  [1m[36mGuest Load (0.4ms)[0m  [1mSELECT `guests`.* FROM `guests` [0m
  Rendered guests/index.html.erb within layouts/application (19.9ms)
Completed 200 OK in 44ms (Views: 39.3ms | ActiveRecord: 0.4ms)


Started GET "/assets/application.css?body=1" for 192.168.0.21 at 2013-04-17 12:07:57 -0300
Served asset /application.css - 304 Not Modified (1ms)


Started GET "/assets/guests.js?body=1" for 192.168.0.21 at 2013-04-17 12:07:57 -0300
Served asset /guests.js - 304 Not Modified (0ms)


Started GET "/assets/jquery.js?body=1" for 192.168.0.21 at 2013-04-17 12:07:58 -0300
Served asset /jquery.js - 304 Not Modified (2ms)


Started GET "/assets/guests.css?body=1" for 192.168.0.21 at 2013-04-17 12:07:58 -0300
Served asset /guests.css - 304 Not Modified (0ms)


Started GET "/assets/jquery_ujs.js?body=1" for 192.168.0.21 at 2013-04-17 12:07:58 -0300
Served asset /jquery_ujs.js - 304 Not Modified (0ms)


Started GET "/assets/scaffolds.css?body=1" for 192.168.0.21 at 2013-04-17 12:07:58 -0300
Served asset /scaffolds.css - 304 Not Modified (0ms)


Started GET "/assets/application.js?body=1" for 192.168.0.21 at 2013-04-17 12:07:58 -0300
Served asset /application.js - 304 Not Modified (3ms)


Started GET "/guests" for 192.168.0.21 at 2013-04-17 12:08:49 -0300
Processing by GuestsController#index as HTML
  [1m[35mGuest Load (0.6ms)[0m  SELECT `guests`.* FROM `guests` 
  Rendered guests/index.html.erb within layouts/application (20.5ms)
Completed 200 OK in 46ms (Views: 41.1ms | ActiveRecord: 0.6ms)


Started GET "/assets/application.css?body=1" for 192.168.0.21 at 2013-04-17 12:08:49 -0300
Served asset /application.css - 304 Not Modified (1ms)


Started GET "/assets/guests.css?body=1" for 192.168.0.21 at 2013-04-17 12:08:49 -0300
Served asset /guests.css - 304 Not Modified (0ms)


Started GET "/assets/scaffolds.css?body=1" for 192.168.0.21 at 2013-04-17 12:08:49 -0300
Served asset /scaffolds.css - 304 Not Modified (0ms)


Started GET "/assets/guests.js?body=1" for 192.168.0.21 at 2013-04-17 12:08:49 -0300
Served asset /guests.js - 304 Not Modified (0ms)


Started GET "/assets/jquery_ujs.js?body=1" for 192.168.0.21 at 2013-04-17 12:08:49 -0300
Served asset /jquery_ujs.js - 304 Not Modified (0ms)


Started GET "/assets/jquery.js?body=1" for 192.168.0.21 at 2013-04-17 12:08:49 -0300
Served asset /jquery.js - 304 Not Modified (2ms)


Started GET "/assets/application.js?body=1" for 192.168.0.21 at 2013-04-17 12:08:49 -0300
Served asset /application.js - 304 Not Modified (3ms)


Started GET "/guests" for 192.168.0.21 at 2013-04-17 12:09:12 -0300
Processing by GuestsController#index as HTML
  [1m[36mGuest Load (0.5ms)[0m  [1mSELECT `guests`.* FROM `guests` [0m
  Rendered guests/index.html.erb within layouts/application (35.2ms)
Completed 200 OK in 60ms (Views: 55.5ms | ActiveRecord: 0.5ms)


Started GET "/assets/application.css?body=1" for 192.168.0.21 at 2013-04-17 12:09:12 -0300
Served asset /application.css - 304 Not Modified (1ms)


Started GET "/assets/guests.css?body=1" for 192.168.0.21 at 2013-04-17 12:09:12 -0300
Served asset /guests.css - 304 Not Modified (0ms)


Started GET "/assets/scaffolds.css?body=1" for 192.168.0.21 at 2013-04-17 12:09:12 -0300
Served asset /scaffolds.css - 304 Not Modified (0ms)


Started GET "/assets/guests.js?body=1" for 192.168.0.21 at 2013-04-17 12:09:12 -0300
Served asset /guests.js - 304 Not Modified (0ms)


Started GET "/assets/jquery.js?body=1" for 192.168.0.21 at 2013-04-17 12:09:12 -0300
Served asset /jquery.js - 304 Not Modified (2ms)


Started GET "/assets/jquery_ujs.js?body=1" for 192.168.0.21 at 2013-04-17 12:09:12 -0300
Served asset /jquery_ujs.js - 304 Not Modified (0ms)


Started GET "/assets/application.js?body=1" for 192.168.0.21 at 2013-04-17 12:09:12 -0300
Served asset /application.js - 304 Not Modified (3ms)


Started POST "/guests" for 192.168.0.9 at 2013-04-17 12:11:32 -0300
Connecting to database specified by database.yml
Processing by GuestsController#create as JSON
  Parameters: {"guest"=>{"name"=>"Victor", "gender"=>"M", "age"=>"17"}}
WARNING: Can't verify CSRF token authenticity
  [1m[36m (0.5ms)[0m  [1mBEGIN[0m
  [1m[35mSQL (5.0ms)[0m  INSERT INTO `guests` (`age`, `created_at`, `gender`, `name`, `updated_at`) VALUES (17, '2013-04-17 15:11:36', 'M', 'Victor', '2013-04-17 15:11:36')
  [1m[36m (80.9ms)[0m  [1mCOMMIT[0m
Completed 201 Created in 297ms (Views: 8.0ms | ActiveRecord: 90.9ms)


Started GET "/guests" for 192.168.0.21 at 2013-04-17 12:11:49 -0300
Processing by GuestsController#index as HTML
  [1m[35mGuest Load (1.1ms)[0m  SELECT `guests`.* FROM `guests` 
  Rendered guests/index.html.erb within layouts/application (104.8ms)
Completed 200 OK in 323ms (Views: 239.8ms | ActiveRecord: 1.1ms)


Started GET "/assets/application.css?body=1" for 192.168.0.21 at 2013-04-17 12:11:50 -0300
Served asset /application.css - 304 Not Modified (15ms)


Started GET "/assets/guests.css?body=1" for 192.168.0.21 at 2013-04-17 12:11:50 -0300
Served asset /guests.css - 304 Not Modified (35ms)


Started GET "/assets/jquery.js?body=1" for 192.168.0.21 at 2013-04-17 12:11:50 -0300
Served asset /jquery.js - 304 Not Modified (14ms)


Started GET "/assets/guests.js?body=1" for 192.168.0.21 at 2013-04-17 12:11:50 -0300
Served asset /guests.js - 304 Not Modified (5ms)


Started GET "/assets/jquery_ujs.js?body=1" for 192.168.0.21 at 2013-04-17 12:11:50 -0300
Served asset /jquery_ujs.js - 304 Not Modified (17ms)


Started GET "/assets/scaffolds.css?body=1" for 192.168.0.21 at 2013-04-17 12:11:50 -0300
Served asset /scaffolds.css - 304 Not Modified (7ms)


Started GET "/assets/application.js?body=1" for 192.168.0.21 at 2013-04-17 12:11:50 -0300
Served asset /application.js - 304 Not Modified (21ms)


Started GET "/guests.json" for 192.168.0.9 at 2013-04-17 12:12:06 -0300
Processing by GuestsController#index as JSON
  [1m[36mGuest Load (0.6ms)[0m  [1mSELECT `guests`.* FROM `guests` [0m
Completed 200 OK in 82ms (Views: 75.9ms | ActiveRecord: 0.6ms)


Started GET "/guests.json" for 192.168.0.9 at 2013-04-17 12:12:12 -0300
Processing by GuestsController#index as JSON
  [1m[35mGuest Load (0.8ms)[0m  SELECT `guests`.* FROM `guests` 
Completed 200 OK in 14ms (Views: 7.4ms | ActiveRecord: 0.8ms)


Started GET "/guests.json" for 192.168.0.9 at 2013-04-17 12:12:28 -0300
Processing by GuestsController#index as JSON
  [1m[36mGuest Load (0.7ms)[0m  [1mSELECT `guests`.* FROM `guests` [0m
Completed 200 OK in 12ms (Views: 6.1ms | ActiveRecord: 0.7ms)


Started GET "/guests.json" for 192.168.0.9 at 2013-04-17 12:12:34 -0300
Processing by GuestsController#index as JSON
  [1m[35mGuest Load (0.7ms)[0m  SELECT `guests`.* FROM `guests` 
Completed 200 OK in 12ms (Views: 6.7ms | ActiveRecord: 0.7ms)


Started GET "/guests.json" for 192.168.0.9 at 2013-04-17 12:46:12 -0300
Processing by GuestsController#index as JSON
  [1m[36mGuest Load (0.6ms)[0m  [1mSELECT `guests`.* FROM `guests` [0m
Completed 200 OK in 11ms (Views: 6.2ms | ActiveRecord: 0.6ms)


Started GET "/guests.json" for 192.168.0.9 at 2013-04-17 12:48:18 -0300
Processing by GuestsController#index as JSON
  [1m[35mGuest Load (0.6ms)[0m  SELECT `guests`.* FROM `guests` 
Completed 200 OK in 11ms (Views: 6.0ms | ActiveRecord: 0.6ms)


Started GET "/guests.json" for 192.168.0.9 at 2013-04-17 12:49:11 -0300
Processing by GuestsController#index as JSON
  [1m[36mGuest Load (0.6ms)[0m  [1mSELECT `guests`.* FROM `guests` [0m
Completed 200 OK in 11ms (Views: 6.1ms | ActiveRecord: 0.6ms)


Started GET "/guests" for 192.168.0.21 at 2013-04-17 14:51:24 -0300
Connecting to database specified by database.yml
Processing by GuestsController#index as HTML
  [1m[36mGuest Load (0.7ms)[0m  [1mSELECT `guests`.* FROM `guests` [0m
  Rendered guests/index.html.erb within layouts/application (39.8ms)
Completed 200 OK in 474ms (Views: 287.1ms | ActiveRecord: 5.5ms)


Started GET "/assets/guests.css?body=1" for 192.168.0.21 at 2013-04-17 14:51:26 -0300
Served asset /guests.css - 304 Not Modified (12ms)


Started GET "/assets/application.css?body=1" for 192.168.0.21 at 2013-04-17 14:51:26 -0300
Served asset /application.css - 304 Not Modified (16ms)


Started GET "/assets/scaffolds.css?body=1" for 192.168.0.21 at 2013-04-17 14:51:26 -0300
Served asset /scaffolds.css - 304 Not Modified (8ms)


Started GET "/assets/jquery.js?body=1" for 192.168.0.21 at 2013-04-17 14:51:26 -0300
Served asset /jquery.js - 304 Not Modified (18ms)


Started GET "/assets/jquery_ujs.js?body=1" for 192.168.0.21 at 2013-04-17 14:51:26 -0300
Served asset /jquery_ujs.js - 304 Not Modified (9ms)


Started GET "/assets/guests.js?body=1" for 192.168.0.21 at 2013-04-17 14:51:26 -0300
Served asset /guests.js - 304 Not Modified (6ms)


Started GET "/assets/application.js?body=1" for 192.168.0.21 at 2013-04-17 14:51:26 -0300
Served asset /application.js - 304 Not Modified (58ms)


Started POST "/guests" for 192.168.0.9 at 2013-04-17 14:52:21 -0300
Processing by GuestsController#create as JSON
  Parameters: {"guest"=>{"name"=>"Cookahn", "gender"=>"M", "age"=>"17"}}
WARNING: Can't verify CSRF token authenticity
  [1m[35m (0.5ms)[0m  BEGIN
  [1m[36mSQL (5.1ms)[0m  [1mINSERT INTO `guests` (`age`, `created_at`, `gender`, `name`, `updated_at`) VALUES (17, '2013-04-17 17:52:21', 'M', 'Cookahn', '2013-04-17 17:52:21')[0m
  [1m[35m (94.3ms)[0m  COMMIT
Completed 201 Created in 137ms (Views: 4.5ms | ActiveRecord: 99.9ms)


Started POST "/guests" for 192.168.0.9 at 2013-04-17 14:53:18 -0300
Processing by GuestsController#create as JSON
  Parameters: {"guest"=>{"name"=>"Cookahn", "gender"=>"M", "age"=>"17"}}
WARNING: Can't verify CSRF token authenticity
  [1m[36m (0.5ms)[0m  [1mBEGIN[0m
  [1m[35mSQL (0.9ms)[0m  INSERT INTO `guests` (`age`, `created_at`, `gender`, `name`, `updated_at`) VALUES (17, '2013-04-17 17:53:18', 'M', 'Cookahn', '2013-04-17 17:53:18')
  [1m[36m (88.4ms)[0m  [1mCOMMIT[0m
Completed 201 Created in 102ms (Views: 3.0ms | ActiveRecord: 89.8ms)


Started GET "/guests" for 192.168.0.21 at 2013-04-17 14:53:26 -0300
Processing by GuestsController#index as HTML
  [1m[35mGuest Load (0.9ms)[0m  SELECT `guests`.* FROM `guests` 
  Rendered guests/index.html.erb within layouts/application (30.1ms)
Completed 200 OK in 58ms (Views: 51.3ms | ActiveRecord: 0.9ms)


Started GET "/assets/application.css?body=1" for 192.168.0.21 at 2013-04-17 14:53:26 -0300
Served asset /application.css - 304 Not Modified (1ms)


Started GET "/assets/guests.js?body=1" for 192.168.0.21 at 2013-04-17 14:53:26 -0300
Served asset /guests.js - 304 Not Modified (0ms)


Started GET "/assets/scaffolds.css?body=1" for 192.168.0.21 at 2013-04-17 14:53:26 -0300
Served asset /scaffolds.css - 304 Not Modified (0ms)


Started GET "/assets/jquery_ujs.js?body=1" for 192.168.0.21 at 2013-04-17 14:53:26 -0300
Served asset /jquery_ujs.js - 304 Not Modified (0ms)


Started GET "/assets/guests.css?body=1" for 192.168.0.21 at 2013-04-17 14:53:26 -0300
Served asset /guests.css - 304 Not Modified (0ms)


Started GET "/assets/jquery.js?body=1" for 192.168.0.21 at 2013-04-17 14:53:26 -0300
Served asset /jquery.js - 304 Not Modified (2ms)


Started GET "/assets/application.js?body=1" for 192.168.0.21 at 2013-04-17 14:53:26 -0300
Served asset /application.js - 304 Not Modified (3ms)


Started POST "/guests" for 192.168.0.9 at 2013-04-17 14:55:39 -0300
Processing by GuestsController#create as JSON
  Parameters: {"guest"=>{"name"=>"Cocäo", "gender"=>"M", "age"=>"17"}}
WARNING: Can't verify CSRF token authenticity
  [1m[36m (0.5ms)[0m  [1mBEGIN[0m
  [1m[35mSQL (0.9ms)[0m  INSERT INTO `guests` (`age`, `created_at`, `gender`, `name`, `updated_at`) VALUES (17, '2013-04-17 17:55:39', 'M', 'Cocäo', '2013-04-17 17:55:39')
  [1m[36m (99.5ms)[0m  [1mCOMMIT[0m
Completed 201 Created in 111ms (Views: 3.2ms | ActiveRecord: 100.9ms)


Started POST "/guests" for 192.168.0.9 at 2013-04-17 14:55:50 -0300
Processing by GuestsController#create as JSON
  Parameters: {"guest"=>{"name"=>"Cocäo", "gender"=>"M", "age"=>"17"}}
WARNING: Can't verify CSRF token authenticity
  [1m[35m (0.5ms)[0m  BEGIN
  [1m[36mSQL (0.9ms)[0m  [1mINSERT INTO `guests` (`age`, `created_at`, `gender`, `name`, `updated_at`) VALUES (17, '2013-04-17 17:55:50', 'M', 'Cocäo', '2013-04-17 17:55:50')[0m
  [1m[35m (103.9ms)[0m  COMMIT
Completed 201 Created in 115ms (Views: 3.1ms | ActiveRecord: 105.3ms)


Started POST "/guests" for 192.168.0.9 at 2013-04-17 15:03:48 -0300
Processing by GuestsController#create as JSON
  Parameters: {"guest"=>{"name"=>"Coco", "gender"=>"Xixi", "age"=>""}}
WARNING: Can't verify CSRF token authenticity
  [1m[36m (0.5ms)[0m  [1mBEGIN[0m
  [1m[35mSQL (0.9ms)[0m  INSERT INTO `guests` (`age`, `created_at`, `gender`, `name`, `updated_at`) VALUES (NULL, '2013-04-17 18:03:48', 'Xixi', 'Coco', '2013-04-17 18:03:48')
  [1m[36m (93.8ms)[0m  [1mCOMMIT[0m
Completed 201 Created in 105ms (Views: 3.0ms | ActiveRecord: 95.2ms)


Started GET "/guests" for 192.168.0.21 at 2013-04-17 15:03:54 -0300
Processing by GuestsController#index as HTML
  [1m[35mGuest Load (1.1ms)[0m  SELECT `guests`.* FROM `guests` 
  Rendered guests/index.html.erb within layouts/application (38.0ms)
Completed 200 OK in 64ms (Views: 57.7ms | ActiveRecord: 1.1ms)


Started GET "/assets/application.css?body=1" for 192.168.0.21 at 2013-04-17 15:03:54 -0300
Served asset /application.css - 304 Not Modified (1ms)


Started GET "/assets/scaffolds.css?body=1" for 192.168.0.21 at 2013-04-17 15:03:54 -0300
Served asset /scaffolds.css - 304 Not Modified (0ms)


Started GET "/assets/guests.js?body=1" for 192.168.0.21 at 2013-04-17 15:03:54 -0300
Served asset /guests.js - 304 Not Modified (0ms)


Started GET "/assets/guests.css?body=1" for 192.168.0.21 at 2013-04-17 15:03:54 -0300
Served asset /guests.css - 304 Not Modified (0ms)


Started GET "/assets/jquery_ujs.js?body=1" for 192.168.0.21 at 2013-04-17 15:03:54 -0300
Served asset /jquery_ujs.js - 304 Not Modified (0ms)


Started GET "/assets/jquery.js?body=1" for 192.168.0.21 at 2013-04-17 15:03:54 -0300
Served asset /jquery.js - 304 Not Modified (2ms)


Started GET "/assets/application.js?body=1" for 192.168.0.21 at 2013-04-17 15:03:54 -0300
Served asset /application.js - 304 Not Modified (3ms)


Started POST "/guests" for 192.168.0.9 at 2013-04-17 15:04:19 -0300
Processing by GuestsController#create as JSON
  Parameters: {"guest"=>{"name"=>"Vinicius", "gender"=>"Mas", "age"=>"17"}}
WARNING: Can't verify CSRF token authenticity
  [1m[36m (0.5ms)[0m  [1mBEGIN[0m
  [1m[35mSQL (0.9ms)[0m  INSERT INTO `guests` (`age`, `created_at`, `gender`, `name`, `updated_at`) VALUES (17, '2013-04-17 18:04:19', 'Mas', 'Vinicius', '2013-04-17 18:04:19')
  [1m[36m (48.3ms)[0m  [1mCOMMIT[0m
Completed 201 Created in 63ms (Views: 3.8ms | ActiveRecord: 49.7ms)


Started GET "/guests" for 192.168.0.21 at 2013-04-17 15:15:54 -0300
Processing by GuestsController#index as HTML
  [1m[35mGuest Load (1.2ms)[0m  SELECT `guests`.* FROM `guests` 
  Rendered guests/index.html.erb within layouts/application (41.7ms)
Completed 200 OK in 72ms (Views: 63.6ms | ActiveRecord: 1.2ms)


Started GET "/assets/application.css?body=1" for 192.168.0.21 at 2013-04-17 15:15:55 -0300
Served asset /application.css - 304 Not Modified (1ms)


Started GET "/assets/guests.js?body=1" for 192.168.0.21 at 2013-04-17 15:15:55 -0300
Served asset /guests.js - 304 Not Modified (0ms)


Started GET "/assets/jquery.js?body=1" for 192.168.0.21 at 2013-04-17 15:15:55 -0300
Served asset /jquery.js - 304 Not Modified (2ms)


Started GET "/assets/jquery_ujs.js?body=1" for 192.168.0.21 at 2013-04-17 15:15:55 -0300
Served asset /jquery_ujs.js - 304 Not Modified (1ms)


Started GET "/assets/guests.css?body=1" for 192.168.0.21 at 2013-04-17 15:15:55 -0300
Served asset /guests.css - 304 Not Modified (0ms)


Started GET "/assets/scaffolds.css?body=1" for 192.168.0.21 at 2013-04-17 15:15:55 -0300
Served asset /scaffolds.css - 304 Not Modified (0ms)


Started GET "/assets/application.js?body=1" for 192.168.0.21 at 2013-04-17 15:15:55 -0300
Served asset /application.js - 304 Not Modified (14ms)


Started POST "/guests" for 192.168.0.9 at 2013-04-17 15:17:21 -0300
Processing by GuestsController#create as JSON
  Parameters: {"guest"=>{"name"=>"cocalinho", "gender"=>"masculino", "age"=>"17"}}
WARNING: Can't verify CSRF token authenticity
  [1m[36m (0.5ms)[0m  [1mBEGIN[0m
  [1m[35mSQL (0.9ms)[0m  INSERT INTO `guests` (`age`, `created_at`, `gender`, `name`, `updated_at`) VALUES (17, '2013-04-17 18:17:21', 'masculino', 'cocalinho', '2013-04-17 18:17:21')
  [1m[36m (104.3ms)[0m  [1mCOMMIT[0m
Completed 201 Created in 116ms (Views: 3.0ms | ActiveRecord: 105.7ms)


Started POST "/guests" for 192.168.0.9 at 2013-04-17 15:17:32 -0300
Processing by GuestsController#create as JSON
  Parameters: {"guest"=>{"name"=>"cocalinho", "gender"=>"masculino", "age"=>"17"}}
WARNING: Can't verify CSRF token authenticity
  [1m[35m (0.5ms)[0m  BEGIN
  [1m[36mSQL (0.9ms)[0m  [1mINSERT INTO `guests` (`age`, `created_at`, `gender`, `name`, `updated_at`) VALUES (17, '2013-04-17 18:17:32', 'masculino', 'cocalinho', '2013-04-17 18:17:32')[0m
  [1m[35m (100.2ms)[0m  COMMIT
Completed 201 Created in 112ms (Views: 3.0ms | ActiveRecord: 101.6ms)


Started GET "/guests/1" for 192.168.0.21 at 2013-04-17 15:25:51 -0300
Processing by GuestsController#show as HTML
  Parameters: {"id"=>"1"}
  [1m[36mGuest Load (1.0ms)[0m  [1mSELECT `guests`.* FROM `guests` WHERE `guests`.`id` = 1 LIMIT 1[0m
  Rendered guests/show.html.erb within layouts/application (5.1ms)
Completed 200 OK in 37ms (Views: 26.3ms | ActiveRecord: 1.0ms)


Started GET "/assets/application.css?body=1" for 192.168.0.21 at 2013-04-17 15:25:52 -0300
Served asset /application.css - 304 Not Modified (2ms)


Started GET "/assets/guests.css?body=1" for 192.168.0.21 at 2013-04-17 15:25:52 -0300
Served asset /guests.css - 304 Not Modified (0ms)


Started GET "/assets/jquery.js?body=1" for 192.168.0.21 at 2013-04-17 15:25:52 -0300
Served asset /jquery.js - 304 Not Modified (2ms)


Started GET "/assets/scaffolds.css?body=1" for 192.168.0.21 at 2013-04-17 15:25:52 -0300
Served asset /scaffolds.css - 304 Not Modified (0ms)


Started GET "/assets/guests.js?body=1" for 192.168.0.21 at 2013-04-17 15:25:52 -0300
Served asset /guests.js - 304 Not Modified (0ms)


Started GET "/assets/jquery_ujs.js?body=1" for 192.168.0.21 at 2013-04-17 15:25:52 -0300
Served asset /jquery_ujs.js - 304 Not Modified (0ms)


Started GET "/assets/application.js?body=1" for 192.168.0.21 at 2013-04-17 15:25:52 -0300
Served asset /application.js - 304 Not Modified (3ms)


Started GET "/guests/1.json" for 192.168.0.21 at 2013-04-17 15:26:02 -0300
Processing by GuestsController#show as JSON
  Parameters: {"id"=>"1"}
  [1m[35mGuest Load (0.7ms)[0m  SELECT `guests`.* FROM `guests` WHERE `guests`.`id` = 1 LIMIT 1
Completed 200 OK in 8ms (Views: 1.7ms | ActiveRecord: 0.7ms)


Started POST "/guests" for 192.168.0.9 at 2013-04-17 15:48:06 -0300
Processing by GuestsController#create as JSON
  Parameters: {"guest"=>{"name"=>"", "gender"=>"", "age"=>""}}
WARNING: Can't verify CSRF token authenticity
  [1m[36m (0.5ms)[0m  [1mBEGIN[0m
  [1m[35mSQL (1.0ms)[0m  INSERT INTO `guests` (`age`, `created_at`, `gender`, `name`, `updated_at`) VALUES (NULL, '2013-04-17 18:48:06', '', '', '2013-04-17 18:48:06')
  [1m[36m (88.1ms)[0m  [1mCOMMIT[0m
Completed 201 Created in 102ms (Views: 3.6ms | ActiveRecord: 89.6ms)


Started GET "/guests.json" for 192.168.0.9 at 2013-04-17 15:52:57 -0300
Processing by GuestsController#index as JSON
  [1m[35mGuest Load (1.2ms)[0m  SELECT `guests`.* FROM `guests` 
Completed 200 OK in 23ms (Views: 14.5ms | ActiveRecord: 1.2ms)


Started GET "/guests.json" for 192.168.0.9 at 2013-04-17 15:53:02 -0300
Processing by GuestsController#index as JSON
  [1m[36mGuest Load (0.6ms)[0m  [1mSELECT `guests`.* FROM `guests` [0m
Completed 200 OK in 22ms (Views: 14.2ms | ActiveRecord: 0.6ms)


Started GET "/guests" for 192.168.0.21 at 2013-04-17 15:55:59 -0300
Processing by GuestsController#index as HTML
  [1m[35mGuest Load (0.4ms)[0m  SELECT `guests`.* FROM `guests` 
  Rendered guests/index.html.erb within layouts/application (55.4ms)
Completed 200 OK in 84ms (Views: 77.0ms | ActiveRecord: 0.4ms)


Started GET "/assets/application.css?body=1" for 192.168.0.21 at 2013-04-17 15:55:59 -0300
Served asset /application.css - 304 Not Modified (1ms)


Started GET "/assets/scaffolds.css?body=1" for 192.168.0.21 at 2013-04-17 15:55:59 -0300
Served asset /scaffolds.css - 304 Not Modified (0ms)


Started GET "/assets/guests.css?body=1" for 192.168.0.21 at 2013-04-17 15:55:59 -0300
Served asset /guests.css - 304 Not Modified (0ms)


Started GET "/assets/jquery.js?body=1" for 192.168.0.21 at 2013-04-17 15:55:59 -0300
Served asset /jquery.js - 304 Not Modified (2ms)


Started GET "/assets/guests.js?body=1" for 192.168.0.21 at 2013-04-17 15:55:59 -0300
Served asset /guests.js - 304 Not Modified (0ms)


Started GET "/assets/jquery_ujs.js?body=1" for 192.168.0.21 at 2013-04-17 15:55:59 -0300
Served asset /jquery_ujs.js - 304 Not Modified (7ms)


Started GET "/assets/application.js?body=1" for 192.168.0.21 at 2013-04-17 15:55:59 -0300
Served asset /application.js - 304 Not Modified (88ms)


Started GET "/guests.json" for 192.168.0.9 at 2013-04-17 15:56:26 -0300
Processing by GuestsController#index as JSON
  [1m[36mGuest Load (0.7ms)[0m  [1mSELECT `guests`.* FROM `guests` [0m
Completed 200 OK in 24ms (Views: 14.5ms | ActiveRecord: 0.7ms)


Started GET "/guests.json" for 192.168.0.9 at 2013-04-17 15:56:32 -0300
Processing by GuestsController#index as JSON
  [1m[35mGuest Load (0.7ms)[0m  SELECT `guests`.* FROM `guests` 
Completed 200 OK in 23ms (Views: 14.9ms | ActiveRecord: 0.7ms)


Started GET "/guests.json" for 192.168.0.9 at 2013-04-17 15:57:10 -0300
Processing by GuestsController#index as JSON
  [1m[36mGuest Load (0.7ms)[0m  [1mSELECT `guests`.* FROM `guests` [0m
Completed 200 OK in 21ms (Views: 13.7ms | ActiveRecord: 0.7ms)


Started GET "/guests.json" for 192.168.0.9 at 2013-04-17 15:57:15 -0300
Processing by GuestsController#index as JSON
  [1m[35mGuest Load (0.7ms)[0m  SELECT `guests`.* FROM `guests` 
Completed 200 OK in 21ms (Views: 13.6ms | ActiveRecord: 0.7ms)


Started POST "/guests" for 192.168.0.9 at 2013-04-17 16:08:37 -0300
Processing by GuestsController#create as JSON
  Parameters: {"guest"=>{"name"=>"Ghfhffg", "gender"=>"F", "age"=>"29"}}
WARNING: Can't verify CSRF token authenticity
  [1m[36m (0.5ms)[0m  [1mBEGIN[0m
  [1m[35mSQL (0.9ms)[0m  INSERT INTO `guests` (`age`, `created_at`, `gender`, `name`, `updated_at`) VALUES (29, '2013-04-17 19:08:37', 'F', 'Ghfhffg', '2013-04-17 19:08:37')
  [1m[36m (93.1ms)[0m  [1mCOMMIT[0m
Completed 201 Created in 107ms (Views: 3.8ms | ActiveRecord: 94.5ms)


Started POST "/guests" for 192.168.0.9 at 2013-04-17 16:08:48 -0300
Processing by GuestsController#create as JSON
  Parameters: {"guest"=>{"name"=>"Ghfhffg", "gender"=>"F", "age"=>"29"}}
WARNING: Can't verify CSRF token authenticity
  [1m[35m (0.5ms)[0m  BEGIN
  [1m[36mSQL (0.9ms)[0m  [1mINSERT INTO `guests` (`age`, `created_at`, `gender`, `name`, `updated_at`) VALUES (29, '2013-04-17 19:08:48', 'F', 'Ghfhffg', '2013-04-17 19:08:48')[0m
  [1m[35m (92.9ms)[0m  COMMIT
Completed 201 Created in 104ms (Views: 2.9ms | ActiveRecord: 94.3ms)


Started GET "/guests" for 192.168.0.21 at 2013-04-17 16:08:51 -0300
Processing by GuestsController#index as HTML
  [1m[36mGuest Load (1.2ms)[0m  [1mSELECT `guests`.* FROM `guests` [0m
  Rendered guests/index.html.erb within layouts/application (56.5ms)
Completed 200 OK in 85ms (Views: 77.3ms | ActiveRecord: 1.2ms)


Started GET "/assets/application.css?body=1" for 192.168.0.21 at 2013-04-17 16:08:51 -0300
Served asset /application.css - 304 Not Modified (1ms)


Started GET "/assets/scaffolds.css?body=1" for 192.168.0.21 at 2013-04-17 16:08:51 -0300
Served asset /scaffolds.css - 304 Not Modified (0ms)


Started GET "/assets/jquery.js?body=1" for 192.168.0.21 at 2013-04-17 16:08:51 -0300
Served asset /jquery.js - 304 Not Modified (2ms)


Started GET "/assets/jquery_ujs.js?body=1" for 192.168.0.21 at 2013-04-17 16:08:52 -0300
Served asset /jquery_ujs.js - 304 Not Modified (0ms)


Started GET "/assets/guests.js?body=1" for 192.168.0.21 at 2013-04-17 16:08:52 -0300
Served asset /guests.js - 304 Not Modified (1ms)


Started GET "/assets/guests.css?body=1" for 192.168.0.21 at 2013-04-17 16:08:52 -0300
Served asset /guests.css - 304 Not Modified (10ms)


Started GET "/assets/application.js?body=1" for 192.168.0.21 at 2013-04-17 16:08:52 -0300
Served asset /application.js - 304 Not Modified (3ms)


Started GET "/guests" for 192.168.0.21 at 2013-04-17 16:42:34 -0300
Processing by GuestsController#index as HTML
  [1m[35mGuest Load (0.6ms)[0m  SELECT `guests`.* FROM `guests` 
  Rendered guests/index.html.erb within layouts/application (60.1ms)
Completed 200 OK in 91ms (Views: 82.1ms | ActiveRecord: 0.6ms)


Started GET "/assets/scaffolds.css?body=1" for 192.168.0.21 at 2013-04-17 16:42:35 -0300
Served asset /scaffolds.css - 304 Not Modified (0ms)


Started GET "/assets/guests.js?body=1" for 192.168.0.21 at 2013-04-17 16:42:35 -0300
Served asset /guests.js - 304 Not Modified (0ms)


Started GET "/assets/application.js?body=1" for 192.168.0.21 at 2013-04-17 16:42:35 -0300
Served asset /application.js - 304 Not Modified (3ms)


Started GET "/assets/jquery_ujs.js?body=1" for 192.168.0.21 at 2013-04-17 16:42:40 -0300
Served asset /jquery_ujs.js - 304 Not Modified (0ms)


Started GET "/assets/application.css?body=1" for 192.168.0.21 at 2013-04-17 16:42:40 -0300
Served asset /application.css - 304 Not Modified (1ms)


Started GET "/assets/guests.css?body=1" for 192.168.0.21 at 2013-04-17 16:42:40 -0300
Served asset /guests.css - 304 Not Modified (0ms)


Started GET "/assets/jquery.js?body=1" for 192.168.0.21 at 2013-04-17 16:42:40 -0300
Served asset /jquery.js - 304 Not Modified (2ms)


Started GET "/guests.json" for 192.168.0.9 at 2013-04-17 16:57:25 -0300
Processing by GuestsController#index as JSON
  [1m[36mGuest Load (0.6ms)[0m  [1mSELECT `guests`.* FROM `guests` [0m
Completed 200 OK in 23ms (Views: 15.8ms | ActiveRecord: 0.6ms)


Started GET "/guests" for 192.168.0.21 at 2013-04-17 17:04:48 -0300
Processing by GuestsController#index as HTML
  [1m[35mGuest Load (0.7ms)[0m  SELECT `guests`.* FROM `guests` 
  Rendered guests/index.html.erb within layouts/application (125.0ms)
Completed 200 OK in 156ms (Views: 147.0ms | ActiveRecord: 0.7ms)


Started GET "/assets/application.css?body=1" for 192.168.0.21 at 2013-04-17 17:04:48 -0300
Served asset /application.css - 304 Not Modified (1ms)


Started GET "/assets/jquery.js?body=1" for 192.168.0.21 at 2013-04-17 17:04:48 -0300
Served asset /jquery.js - 304 Not Modified (2ms)


Started GET "/assets/guests.js?body=1" for 192.168.0.21 at 2013-04-17 17:04:48 -0300
Served asset /guests.js - 304 Not Modified (0ms)


Started GET "/assets/scaffolds.css?body=1" for 192.168.0.21 at 2013-04-17 17:04:48 -0300
Served asset /scaffolds.css - 304 Not Modified (0ms)


Started GET "/assets/guests.css?body=1" for 192.168.0.21 at 2013-04-17 17:04:48 -0300
Served asset /guests.css - 304 Not Modified (0ms)


Started GET "/assets/jquery_ujs.js?body=1" for 192.168.0.21 at 2013-04-17 17:04:49 -0300
Served asset /jquery_ujs.js - 304 Not Modified (0ms)


Started GET "/assets/application.js?body=1" for 192.168.0.21 at 2013-04-17 17:04:49 -0300
Served asset /application.js - 304 Not Modified (3ms)


Started POST "/guests" for 192.168.0.9 at 2013-04-17 17:04:56 -0300
Processing by GuestsController#create as JSON
  Parameters: {"guest"=>{"name"=>"Coco", "gender"=>"Coco", "age"=>"26"}}
WARNING: Can't verify CSRF token authenticity
  [1m[36m (0.5ms)[0m  [1mBEGIN[0m
  [1m[35mSQL (1.0ms)[0m  INSERT INTO `guests` (`age`, `created_at`, `gender`, `name`, `updated_at`) VALUES (26, '2013-04-17 20:04:56', 'Coco', 'Coco', '2013-04-17 20:04:56')
  [1m[36m (90.3ms)[0m  [1mCOMMIT[0m
Completed 201 Created in 102ms (Views: 3.1ms | ActiveRecord: 91.8ms)


Started GET "/guests" for 192.168.0.21 at 2013-04-17 17:05:43 -0300
Processing by GuestsController#index as HTML
  [1m[35mGuest Load (1.1ms)[0m  SELECT `guests`.* FROM `guests` 
  Rendered guests/index.html.erb within layouts/application (63.4ms)
Completed 200 OK in 94ms (Views: 85.0ms | ActiveRecord: 1.1ms)


Started GET "/assets/application.css?body=1" for 192.168.0.21 at 2013-04-17 17:06:03 -0300
Served asset /application.css - 304 Not Modified (1ms)


Started GET "/assets/guests.css?body=1" for 192.168.0.21 at 2013-04-17 17:06:13 -0300
Served asset /guests.css - 304 Not Modified (0ms)


Started GET "/assets/scaffolds.css?body=1" for 192.168.0.21 at 2013-04-17 17:06:13 -0300
Served asset /scaffolds.css - 304 Not Modified (6ms)


Started GET "/assets/jquery.js?body=1" for 192.168.0.21 at 2013-04-17 17:06:13 -0300
Served asset /jquery.js - 304 Not Modified (2ms)


Started GET "/assets/guests.js?body=1" for 192.168.0.21 at 2013-04-17 17:06:13 -0300
Served asset /guests.js - 304 Not Modified (0ms)


Started GET "/assets/jquery_ujs.js?body=1" for 192.168.0.21 at 2013-04-17 17:06:13 -0300
Served asset /jquery_ujs.js - 304 Not Modified (0ms)


Started GET "/assets/application.js?body=1" for 192.168.0.21 at 2013-04-17 17:06:33 -0300
Served asset /application.js - 304 Not Modified (3ms)


Started GET "/guests" for 192.168.0.21 at 2013-04-17 17:08:24 -0300
Connecting to database specified by database.yml
Processing by GuestsController#index as HTML
  [1m[36mGuest Load (0.6ms)[0m  [1mSELECT `guests`.* FROM `guests` [0m
  Rendered guests/index.html.erb within layouts/application (142.3ms)
Completed 200 OK in 508ms (Views: 321.0ms | ActiveRecord: 5.2ms)


Started GET "/guests" for 192.168.0.21 at 2013-04-17 17:08:35 -0300
Processing by GuestsController#index as HTML
  [1m[35mGuest Load (0.7ms)[0m  SELECT `guests`.* FROM `guests` 
  Rendered guests/index.html.erb within layouts/application (64.2ms)
Completed 200 OK in 95ms (Views: 86.2ms | ActiveRecord: 0.7ms)


Started GET "/assets/application.css?body=1" for 192.168.0.21 at 2013-04-17 17:09:05 -0300
Served asset /application.css - 304 Not Modified (14ms)


Started GET "/assets/guests.js?body=1" for 192.168.0.21 at 2013-04-17 17:09:05 -0300
Served asset /guests.js - 304 Not Modified (8ms)


Started GET "/assets/jquery.js?body=1" for 192.168.0.21 at 2013-04-17 17:09:05 -0300
Served asset /jquery.js - 304 Not Modified (16ms)


Started GET "/assets/jquery_ujs.js?body=1" for 192.168.0.21 at 2013-04-17 17:09:05 -0300
Served asset /jquery_ujs.js - 304 Not Modified (10ms)


Started GET "/assets/scaffolds.css?body=1" for 192.168.0.21 at 2013-04-17 17:09:05 -0300
Served asset /scaffolds.css - 304 Not Modified (5ms)


Started GET "/assets/guests.css?body=1" for 192.168.0.21 at 2013-04-17 17:09:05 -0300
Served asset /guests.css - 304 Not Modified (6ms)


Started GET "/assets/application.js?body=1" for 192.168.0.21 at 2013-04-17 17:09:35 -0300
Served asset /application.js - 304 Not Modified (78ms)


Started GET "/guests" for 127.0.0.1 at 2013-04-17 17:10:17 -0300
Processing by GuestsController#index as HTML
  [1m[36mGuest Load (0.7ms)[0m  [1mSELECT `guests`.* FROM `guests` [0m
  Rendered guests/index.html.erb within layouts/application (61.4ms)
Completed 200 OK in 94ms (Views: 83.0ms | ActiveRecord: 0.7ms)


Started GET "/assets/application.css?body=1" for 127.0.0.1 at 2013-04-17 17:10:18 -0300
Served asset /application.css - 200 OK (7ms)


Started GET "/assets/guests.css?body=1" for 127.0.0.1 at 2013-04-17 17:10:18 -0300
Served asset /guests.css - 200 OK (0ms)


Started GET "/assets/jquery_ujs.js?body=1" for 127.0.0.1 at 2013-04-17 17:10:18 -0300
Served asset /jquery_ujs.js - 200 OK (0ms)


Started GET "/assets/scaffolds.css?body=1" for 127.0.0.1 at 2013-04-17 17:10:18 -0300
Served asset /scaffolds.css - 200 OK (0ms)


Started GET "/assets/jquery.js?body=1" for 127.0.0.1 at 2013-04-17 17:10:18 -0300
Served asset /jquery.js - 200 OK (2ms)


Started GET "/assets/guests.js?body=1" for 127.0.0.1 at 2013-04-17 17:10:18 -0300
Served asset /guests.js - 200 OK (0ms)


Started GET "/assets/application.js?body=1" for 127.0.0.1 at 2013-04-17 17:10:18 -0300
Served asset /application.js - 200 OK (10ms)


Started GET "/guests" for 192.168.0.21 at 2013-04-17 17:10:22 -0300
Processing by GuestsController#index as HTML
  [1m[35mGuest Load (0.4ms)[0m  SELECT `guests`.* FROM `guests` 
  Rendered guests/index.html.erb within layouts/application (60.2ms)
Completed 200 OK in 88ms (Views: 80.7ms | ActiveRecord: 0.4ms)


Started GET "/guests.json" for 127.0.0.1 at 2013-04-17 17:11:03 -0300
Processing by GuestsController#index as JSON
  [1m[36mGuest Load (0.4ms)[0m  [1mSELECT `guests`.* FROM `guests` [0m
Completed 200 OK in 29ms (Views: 21.0ms | ActiveRecord: 0.4ms)


Started GET "/guests" for 192.168.0.21 at 2013-04-17 17:11:04 -0300
Processing by GuestsController#index as HTML
  [1m[35mGuest Load (0.6ms)[0m  SELECT `guests`.* FROM `guests` 
  Rendered guests/index.html.erb within layouts/application (118.8ms)
Completed 200 OK in 149ms (Views: 140.1ms | ActiveRecord: 0.6ms)


Started GET "/guests.json" for 192.168.0.21 at 2013-04-17 17:11:25 -0300
Processing by GuestsController#index as JSON
  [1m[36mGuest Load (0.7ms)[0m  [1mSELECT `guests`.* FROM `guests` [0m
Completed 200 OK in 26ms (Views: 16.9ms | ActiveRecord: 0.7ms)


Started GET "/guests" for 192.168.0.21 at 2013-04-17 17:12:03 -0300
Processing by GuestsController#index as HTML
  [1m[35mGuest Load (0.4ms)[0m  SELECT `guests`.* FROM `guests` 
  Rendered guests/index.html.erb within layouts/application (62.0ms)
Completed 200 OK in 91ms (Views: 82.9ms | ActiveRecord: 0.4ms)


Started GET "/assets/scaffolds.css?body=1" for 192.168.0.21 at 2013-04-17 17:12:33 -0300
Served asset /scaffolds.css - 304 Not Modified (0ms)


Started GET "/assets/application.css?body=1" for 192.168.0.21 at 2013-04-17 17:12:33 -0300
Served asset /application.css - 304 Not Modified (2ms)


Started GET "/assets/guests.js?body=1" for 192.168.0.21 at 2013-04-17 17:12:33 -0300
Served asset /guests.js - 304 Not Modified (0ms)


Started GET "/assets/guests.css?body=1" for 192.168.0.21 at 2013-04-17 17:12:33 -0300
Served asset /guests.css - 304 Not Modified (0ms)


Started GET "/assets/jquery.js?body=1" for 192.168.0.21 at 2013-04-17 17:12:33 -0300
Served asset /jquery.js - 304 Not Modified (2ms)


Started GET "/assets/jquery_ujs.js?body=1" for 192.168.0.21 at 2013-04-17 17:12:33 -0300
Served asset /jquery_ujs.js - 304 Not Modified (0ms)


Started GET "/assets/application.js?body=1" for 192.168.0.21 at 2013-04-17 17:13:03 -0300
Served asset /application.js - 304 Not Modified (3ms)


Started GET "/guests" for 192.168.0.21 at 2013-04-17 17:17:35 -0300
Processing by GuestsController#index as HTML
  [1m[36mGuest Load (0.6ms)[0m  [1mSELECT `guests`.* FROM `guests` [0m
  Rendered guests/index.html.erb within layouts/application (58.7ms)
Completed 200 OK in 86ms (Views: 78.4ms | ActiveRecord: 0.6ms)


Started GET "/guests" for 192.168.0.21 at 2013-04-17 17:21:29 -0300
Connecting to database specified by database.yml
Processing by GuestsController#index as HTML
  [1m[36mGuest Load (0.6ms)[0m  [1mSELECT `guests`.* FROM `guests` [0m
  Rendered guests/index.html.erb within layouts/application (80.9ms)
Completed 200 OK in 515ms (Views: 326.9ms | ActiveRecord: 5.2ms)


Started GET "/assets/application.css?body=1" for 192.168.0.21 at 2013-04-17 17:22:01 -0300
Served asset /application.css - 304 Not Modified (13ms)


Started GET "/assets/jquery_ujs.js?body=1" for 192.168.0.21 at 2013-04-17 17:22:01 -0300
Served asset /jquery_ujs.js - 304 Not Modified (7ms)


Started GET "/assets/scaffolds.css?body=1" for 192.168.0.21 at 2013-04-17 17:22:01 -0300
Served asset /scaffolds.css - 304 Not Modified (6ms)


Started GET "/assets/guests.css?body=1" for 192.168.0.21 at 2013-04-17 17:22:01 -0300
Served asset /guests.css - 304 Not Modified (7ms)


Started GET "/assets/guests.js?body=1" for 192.168.0.21 at 2013-04-17 17:22:01 -0300
Served asset /guests.js - 304 Not Modified (5ms)


Started GET "/assets/jquery.js?body=1" for 192.168.0.21 at 2013-04-17 17:22:01 -0300
Served asset /jquery.js - 304 Not Modified (11ms)


Started GET "/guests" for 192.168.0.21 at 2013-04-17 17:23:31 -0300
Processing by GuestsController#index as HTML
  [1m[35mGuest Load (0.7ms)[0m  SELECT `guests`.* FROM `guests` 
  Rendered guests/index.html.erb within layouts/application (65.5ms)
Completed 200 OK in 96ms (Views: 87.7ms | ActiveRecord: 0.7ms)


Started GET "/assets/application.css?body=1" for 192.168.0.21 at 2013-04-17 17:23:33 -0300
Served asset /application.css - 304 Not Modified (1ms)


Started GET "/assets/guests.css?body=1" for 192.168.0.21 at 2013-04-17 17:23:33 -0300
Served asset /guests.css - 304 Not Modified (0ms)


Started GET "/assets/application.js?body=1" for 192.168.0.21 at 2013-04-17 17:23:33 -0300
Served asset /application.js - 304 Not Modified (94ms)


Started GET "/assets/scaffolds.css?body=1" for 192.168.0.21 at 2013-04-17 17:23:37 -0300
Served asset /scaffolds.css - 304 Not Modified (7ms)


Started GET "/assets/jquery.js?body=1" for 192.168.0.21 at 2013-04-17 17:23:37 -0300
Served asset /jquery.js - 304 Not Modified (2ms)


Started GET "/assets/guests.js?body=1" for 192.168.0.21 at 2013-04-17 17:23:37 -0300
Served asset /guests.js - 304 Not Modified (0ms)


Started GET "/assets/jquery_ujs.js?body=1" for 192.168.0.21 at 2013-04-17 17:23:37 -0300
Served asset /jquery_ujs.js - 304 Not Modified (0ms)


Started GET "/guests" for 192.168.0.21 at 2013-04-17 17:28:02 -0300
Processing by GuestsController#index as HTML
  [1m[36mGuest Load (0.5ms)[0m  [1mSELECT `guests`.* FROM `guests` [0m
  Rendered guests/index.html.erb within layouts/application (61.9ms)
Completed 200 OK in 93ms (Views: 82.8ms | ActiveRecord: 0.5ms)


Started GET "/assets/application.css?body=1" for 192.168.0.21 at 2013-04-17 17:28:03 -0300
Served asset /application.css - 304 Not Modified (1ms)


Started GET "/assets/scaffolds.css?body=1" for 192.168.0.21 at 2013-04-17 17:28:03 -0300
Served asset /scaffolds.css - 304 Not Modified (0ms)


Started GET "/assets/guests.css?body=1" for 192.168.0.21 at 2013-04-17 17:28:03 -0300
Served asset /guests.css - 304 Not Modified (0ms)


Started GET "/assets/jquery.js?body=1" for 192.168.0.21 at 2013-04-17 17:28:03 -0300
Served asset /jquery.js - 304 Not Modified (2ms)


Started GET "/assets/guests.js?body=1" for 192.168.0.21 at 2013-04-17 17:28:03 -0300
Served asset /guests.js - 304 Not Modified (0ms)


Started GET "/assets/jquery_ujs.js?body=1" for 192.168.0.21 at 2013-04-17 17:28:03 -0300
Served asset /jquery_ujs.js - 304 Not Modified (0ms)


Started GET "/assets/application.js?body=1" for 192.168.0.21 at 2013-04-17 17:28:03 -0300
Served asset /application.js - 304 Not Modified (3ms)


Started POST "/guests" for 192.168.0.9 at 2013-04-17 17:35:02 -0300
Processing by GuestsController#create as JSON
  Parameters: {"guest"=>{"name"=>"Fttgy", "gender"=>"Ggggg", "age"=>"55"}}
WARNING: Can't verify CSRF token authenticity
  [1m[35m (0.5ms)[0m  BEGIN
  [1m[36mSQL (5.1ms)[0m  [1mINSERT INTO `guests` (`age`, `created_at`, `gender`, `name`, `updated_at`) VALUES (55, '2013-04-17 20:35:02', 'Ggggg', 'Fttgy', '2013-04-17 20:35:02')[0m
  [1m[35m (86.3ms)[0m  COMMIT
Completed 201 Created in 128ms (Views: 4.4ms | ActiveRecord: 91.8ms)


Started GET "/guests" for 192.168.0.21 at 2013-04-17 17:35:05 -0300
Processing by GuestsController#index as HTML
  [1m[36mGuest Load (1.3ms)[0m  [1mSELECT `guests`.* FROM `guests` [0m
  Rendered guests/index.html.erb within layouts/application (140.2ms)
Completed 200 OK in 171ms (Views: 161.7ms | ActiveRecord: 1.3ms)


Started GET "/assets/application.css?body=1" for 192.168.0.21 at 2013-04-17 17:35:06 -0300
Served asset /application.css - 304 Not Modified (1ms)


Started GET "/assets/guests.css?body=1" for 192.168.0.21 at 2013-04-17 17:35:06 -0300
Served asset /guests.css - 304 Not Modified (0ms)


Started GET "/assets/jquery.js?body=1" for 192.168.0.21 at 2013-04-17 17:35:06 -0300
Served asset /jquery.js - 304 Not Modified (2ms)


Started GET "/assets/guests.js?body=1" for 192.168.0.21 at 2013-04-17 17:35:06 -0300
Served asset /guests.js - 304 Not Modified (0ms)


Started GET "/assets/scaffolds.css?body=1" for 192.168.0.21 at 2013-04-17 17:35:06 -0300
Served asset /scaffolds.css - 304 Not Modified (0ms)


Started GET "/assets/jquery_ujs.js?body=1" for 192.168.0.21 at 2013-04-17 17:35:06 -0300
Served asset /jquery_ujs.js - 304 Not Modified (0ms)


Started GET "/assets/application.js?body=1" for 192.168.0.21 at 2013-04-17 17:35:06 -0300
Served asset /application.js - 304 Not Modified (3ms)


Started GET "/guests.json" for 192.168.0.9 at 2013-04-17 17:36:37 -0300
Processing by GuestsController#index as JSON
  [1m[35mGuest Load (0.7ms)[0m  SELECT `guests`.* FROM `guests` 
Completed 200 OK in 27ms (Views: 16.9ms | ActiveRecord: 0.7ms)


Started GET "/guests.json" for 192.168.0.9 at 2013-04-17 17:36:43 -0300
Processing by GuestsController#index as JSON
  [1m[36mGuest Load (0.7ms)[0m  [1mSELECT `guests`.* FROM `guests` [0m
Completed 200 OK in 25ms (Views: 16.4ms | ActiveRecord: 0.7ms)


Started GET "/guests.json" for 192.168.0.9 at 2013-04-17 17:53:25 -0300
Processing by GuestsController#index as JSON
  [1m[35mGuest Load (0.7ms)[0m  SELECT `guests`.* FROM `guests` 
Completed 200 OK in 25ms (Views: 16.5ms | ActiveRecord: 0.7ms)


Started GET "/guests.json" for 192.168.0.9 at 2013-04-17 17:53:31 -0300
Processing by GuestsController#index as JSON
  [1m[36mGuest Load (0.7ms)[0m  [1mSELECT `guests`.* FROM `guests` [0m
Completed 200 OK in 26ms (Views: 16.7ms | ActiveRecord: 0.7ms)


Started GET "/guests.json" for 192.168.0.9 at 2013-04-17 17:53:47 -0300
Processing by GuestsController#index as JSON
  [1m[35mGuest Load (0.7ms)[0m  SELECT `guests`.* FROM `guests` 
Completed 200 OK in 82ms (Views: 73.2ms | ActiveRecord: 0.7ms)


Started GET "/guests.json" for 192.168.0.9 at 2013-04-17 17:53:52 -0300
Processing by GuestsController#index as JSON
  [1m[36mGuest Load (0.5ms)[0m  [1mSELECT `guests`.* FROM `guests` [0m
Completed 200 OK in 26ms (Views: 17.4ms | ActiveRecord: 0.5ms)


Started GET "/guests.json" for 192.168.0.9 at 2013-04-17 17:54:38 -0300
Processing by GuestsController#index as JSON
  [1m[35mGuest Load (0.7ms)[0m  SELECT `guests`.* FROM `guests` 
Completed 200 OK in 27ms (Views: 17.3ms | ActiveRecord: 0.7ms)


Started GET "/guests" for 192.168.0.21 at 2013-04-18 09:33:31 -0300
Connecting to database specified by database.yml
Processing by GuestsController#index as HTML
  [1m[36mGuest Load (1.4ms)[0m  [1mSELECT `guests`.* FROM `guests` [0m
  Rendered guests/index.html.erb within layouts/application (108.7ms)
Completed 200 OK in 1163ms (Views: 958.2ms | ActiveRecord: 6.1ms)


Started GET "/assets/application.css?body=1" for 192.168.0.21 at 2013-04-18 09:33:35 -0300
Served asset /application.css - 304 Not Modified (37ms)


Started GET "/assets/guests.css?body=1" for 192.168.0.21 at 2013-04-18 09:33:35 -0300
Served asset /guests.css - 304 Not Modified (7ms)


Started GET "/assets/scaffolds.css?body=1" for 192.168.0.21 at 2013-04-18 09:33:35 -0300
Served asset /scaffolds.css - 304 Not Modified (7ms)


Started GET "/assets/jquery_ujs.js?body=1" for 192.168.0.21 at 2013-04-18 09:33:35 -0300
Served asset /jquery_ujs.js - 304 Not Modified (41ms)


Started GET "/assets/jquery.js?body=1" for 192.168.0.21 at 2013-04-18 09:33:35 -0300
Served asset /jquery.js - 304 Not Modified (13ms)


Started GET "/assets/guests.js?body=1" for 192.168.0.21 at 2013-04-18 09:33:35 -0300
Served asset /guests.js - 304 Not Modified (7ms)


Started GET "/assets/application.js?body=1" for 192.168.0.21 at 2013-04-18 09:33:35 -0300
Served asset /application.js - 304 Not Modified (20ms)


Started GET "/guests.json" for 192.168.0.9 at 2013-04-18 09:34:13 -0300
Processing by GuestsController#index as JSON
  [1m[35mGuest Load (0.7ms)[0m  SELECT `guests`.* FROM `guests` 
Completed 200 OK in 66ms (Views: 56.5ms | ActiveRecord: 0.7ms)


Started GET "/guests.json" for 192.168.0.9 at 2013-04-18 09:34:23 -0300
Processing by GuestsController#index as JSON
  [1m[36mGuest Load (0.8ms)[0m  [1mSELECT `guests`.* FROM `guests` [0m
Completed 200 OK in 26ms (Views: 16.9ms | ActiveRecord: 0.8ms)


Started GET "/guests.json" for 192.168.0.9 at 2013-04-18 10:02:31 -0300
Processing by GuestsController#index as JSON
  [1m[35mGuest Load (0.7ms)[0m  SELECT `guests`.* FROM `guests` 
Completed 200 OK in 30ms (Views: 18.6ms | ActiveRecord: 0.7ms)


Started GET "/guests.json" for 192.168.0.9 at 2013-04-18 10:06:26 -0300
Processing by GuestsController#index as JSON
  [1m[36mGuest Load (0.7ms)[0m  [1mSELECT `guests`.* FROM `guests` [0m
Completed 200 OK in 25ms (Views: 16.9ms | ActiveRecord: 0.7ms)


Started GET "/guests.json" for 192.168.0.9 at 2013-04-18 10:11:39 -0300
Processing by GuestsController#index as JSON
  [1m[35mGuest Load (0.7ms)[0m  SELECT `guests`.* FROM `guests` 
Completed 200 OK in 27ms (Views: 17.3ms | ActiveRecord: 0.7ms)


Started GET "/guests.json" for 192.168.0.9 at 2013-04-18 10:15:16 -0300
Processing by GuestsController#index as JSON
  [1m[36mGuest Load (0.7ms)[0m  [1mSELECT `guests`.* FROM `guests` [0m
Completed 200 OK in 26ms (Views: 17.1ms | ActiveRecord: 0.7ms)


Started GET "/guests.json" for 192.168.0.9 at 2013-04-18 10:24:02 -0300
Processing by GuestsController#index as JSON
  [1m[35mGuest Load (0.7ms)[0m  SELECT `guests`.* FROM `guests` 
Completed 200 OK in 27ms (Views: 17.7ms | ActiveRecord: 0.7ms)


Started POST "/guests" for 192.168.0.9 at 2013-04-18 10:24:35 -0300
Processing by GuestsController#create as JSON
  Parameters: {"guest"=>{"name"=>"Gffff", "gender"=>"Ggggg", "age"=>"252"}}
WARNING: Can't verify CSRF token authenticity
  [1m[36m (0.6ms)[0m  [1mBEGIN[0m
  [1m[35mSQL (26.8ms)[0m  INSERT INTO `guests` (`age`, `created_at`, `gender`, `name`, `updated_at`) VALUES (252, '2013-04-18 13:24:35', 'Ggggg', 'Gffff', '2013-04-18 13:24:35')
  [1m[36m (90.7ms)[0m  [1mCOMMIT[0m
Completed 201 Created in 169ms (Views: 4.2ms | ActiveRecord: 118.1ms)


Started GET "/guests" for 192.168.0.21 at 2013-04-18 10:24:42 -0300
Processing by GuestsController#index as HTML
  [1m[35mGuest Load (1.4ms)[0m  SELECT `guests`.* FROM `guests` 
  Rendered guests/index.html.erb within layouts/application (123.0ms)
Completed 200 OK in 154ms (Views: 144.6ms | ActiveRecord: 1.4ms)


Started GET "/assets/application.css?body=1" for 192.168.0.21 at 2013-04-18 10:24:43 -0300
Served asset /application.css - 304 Not Modified (8ms)


Started GET "/assets/scaffolds.css?body=1" for 192.168.0.21 at 2013-04-18 10:24:43 -0300
Served asset /scaffolds.css - 304 Not Modified (0ms)


Started GET "/assets/guests.js?body=1" for 192.168.0.21 at 2013-04-18 10:24:43 -0300
Served asset /guests.js - 304 Not Modified (0ms)


Started GET "/assets/jquery_ujs.js?body=1" for 192.168.0.21 at 2013-04-18 10:24:43 -0300
Served asset /jquery_ujs.js - 304 Not Modified (0ms)


Started GET "/assets/guests.css?body=1" for 192.168.0.21 at 2013-04-18 10:24:43 -0300
Served asset /guests.css - 304 Not Modified (1ms)


Started GET "/assets/jquery.js?body=1" for 192.168.0.21 at 2013-04-18 10:24:43 -0300
Served asset /jquery.js - 304 Not Modified (2ms)


Started GET "/assets/application.js?body=1" for 192.168.0.21 at 2013-04-18 10:24:43 -0300
Served asset /application.js - 304 Not Modified (3ms)


Started GET "/guests" for 192.168.0.21 at 2013-04-18 10:24:45 -0300
Processing by GuestsController#index as HTML
  [1m[36mGuest Load (0.4ms)[0m  [1mSELECT `guests`.* FROM `guests` [0m
  Rendered guests/index.html.erb within layouts/application (66.2ms)
Completed 200 OK in 96ms (Views: 87.2ms | ActiveRecord: 0.4ms)


Started GET "/assets/application.css?body=1" for 192.168.0.21 at 2013-04-18 10:24:46 -0300
Served asset /application.css - 304 Not Modified (32ms)


Started POST "/guests" for 192.168.0.9 at 2013-04-18 10:24:46 -0300
Processing by GuestsController#create as JSON
  Parameters: {"guest"=>{"name"=>"Gffff", "gender"=>"Ggggg", "age"=>"252"}}
WARNING: Can't verify CSRF token authenticity
  [1m[35m (2.2ms)[0m  BEGIN
  [1m[36mSQL (0.7ms)[0m  [1mINSERT INTO `guests` (`age`, `created_at`, `gender`, `name`, `updated_at`) VALUES (252, '2013-04-18 13:24:46', 'Ggggg', 'Gffff', '2013-04-18 13:24:46')[0m
  [1m[35m (133.2ms)[0m  COMMIT
Completed 201 Created in 149ms (Views: 3.4ms | ActiveRecord: 136.1ms)


Started GET "/assets/guests.css?body=1" for 192.168.0.21 at 2013-04-18 10:24:46 -0300
Served asset /guests.css - 304 Not Modified (0ms)


Started GET "/assets/scaffolds.css?body=1" for 192.168.0.21 at 2013-04-18 10:24:46 -0300
Served asset /scaffolds.css - 304 Not Modified (0ms)


Started GET "/assets/jquery_ujs.js?body=1" for 192.168.0.21 at 2013-04-18 10:24:46 -0300
Served asset /jquery_ujs.js - 304 Not Modified (0ms)


Started GET "/assets/jquery.js?body=1" for 192.168.0.21 at 2013-04-18 10:24:46 -0300
Served asset /jquery.js - 304 Not Modified (2ms)


Started GET "/assets/guests.js?body=1" for 192.168.0.21 at 2013-04-18 10:24:46 -0300
Served asset /guests.js - 304 Not Modified (0ms)


Started GET "/assets/application.js?body=1" for 192.168.0.21 at 2013-04-18 10:24:46 -0300
Served asset /application.js - 304 Not Modified (5ms)


Started GET "/guests" for 192.168.0.21 at 2013-04-18 10:24:47 -0300
Processing by GuestsController#index as HTML
  [1m[36mGuest Load (1.4ms)[0m  [1mSELECT `guests`.* FROM `guests` [0m
  Rendered guests/index.html.erb within layouts/application (125.6ms)
Completed 200 OK in 158ms (Views: 147.3ms | ActiveRecord: 1.4ms)


Started GET "/assets/application.css?body=1" for 192.168.0.21 at 2013-04-18 10:24:48 -0300
Served asset /application.css - 304 Not Modified (1ms)


Started GET "/assets/scaffolds.css?body=1" for 192.168.0.21 at 2013-04-18 10:24:48 -0300
Served asset /scaffolds.css - 304 Not Modified (0ms)


Started GET "/assets/guests.js?body=1" for 192.168.0.21 at 2013-04-18 10:24:48 -0300
Served asset /guests.js - 304 Not Modified (0ms)


Started GET "/assets/jquery.js?body=1" for 192.168.0.21 at 2013-04-18 10:24:48 -0300
Served asset /jquery.js - 304 Not Modified (6ms)


Started GET "/assets/guests.css?body=1" for 192.168.0.21 at 2013-04-18 10:24:48 -0300
Served asset /guests.css - 304 Not Modified (0ms)


Started GET "/assets/jquery_ujs.js?body=1" for 192.168.0.21 at 2013-04-18 10:24:48 -0300
Served asset /jquery_ujs.js - 304 Not Modified (0ms)


Started GET "/assets/application.js?body=1" for 192.168.0.21 at 2013-04-18 10:24:48 -0300
Served asset /application.js - 304 Not Modified (3ms)


Started POST "/guests" for 192.168.0.9 at 2013-04-18 10:25:46 -0300
Processing by GuestsController#create as JSON
  Parameters: {"guest"=>{"name"=>"victor", "gender"=>"feminino", "age"=>"17"}}
WARNING: Can't verify CSRF token authenticity
  [1m[35m (0.6ms)[0m  BEGIN
  [1m[36mSQL (1.1ms)[0m  [1mINSERT INTO `guests` (`age`, `created_at`, `gender`, `name`, `updated_at`) VALUES (17, '2013-04-18 13:25:46', 'feminino', 'victor', '2013-04-18 13:25:46')[0m
  [1m[35m (91.4ms)[0m  COMMIT
Completed 201 Created in 104ms (Views: 3.2ms | ActiveRecord: 93.1ms)
